Arguments: 
  /usr/local/bin/node /usr/local/bin/yarn add react-native-render-html

PATH: 
  /usr/local/bin:/usr/bin:/bin:/usr/sbin:/sbin

Yarn version: 
  1.22.19

Node version: 
  18.12.1

Platform: 
  darwin x64

Trace: 
  Error: https://gitlab.com/batja3388/tasalbar-api/metro: Request "https://gitlab.com/batja3388/tasalbar-api/metro" returned a 403
      at params.callback [as _callback] (/usr/local/lib/node_modules/yarn/lib/cli.js:66154:18)
      at self.callback (/usr/local/lib/node_modules/yarn/lib/cli.js:140890:22)
      at Request.emit (node:events:513:28)
      at Request.<anonymous> (/usr/local/lib/node_modules/yarn/lib/cli.js:141862:10)
      at Request.emit (node:events:513:28)
      at Gunzip.<anonymous> (/usr/local/lib/node_modules/yarn/lib/cli.js:141784:12)
      at Object.onceWrapper (node:events:627:28)
      at Gunzip.emit (node:events:513:28)
      at endReadableNT (node:internal/streams/readable:1359:12)
      at process.processTicksAndRejections (node:internal/process/task_queues:82:21)

npm manifest: 
  {
    "scripts": {
      "start": "expo start",
      "android": "expo start --android",
      "ios": "expo start --ios",
      "web": "expo start --web"
    },
    "dependencies": { 
      "axios": "^1.3.6",
      "axios-cancel": "^0.2.2",
      "base-64": "^1.0.0",
      "expo": "^48.0.11",
      "expo-barcode-scanner": "^12.3.2",
      "expo-constants": "~14.2.1",
      "expo-linking": "~4.0.1",
      "expo-location": "^15.1.1",
      "expo-router": "^1.2.0",
      "expo-splash-screen": "~0.18.1",
      "expo-status-bar": "~1.4.2",
      "lodash": "^4.17.21",
      "react": "18.2.0",
      "react-dom": "18.2.0",
      "react-native": "0.71.3",
      "react-native-gesture-handler": "~2.9.0",
      "react-native-maps": "^1.5.0",
      "react-native-raw-bottom-sheet": "^2.2.0",
      "react-native-reanimated": "~2.14.4",
      "react-native-safe-area-context": "4.5.0",
      "react-native-screens": "~3.20.0",
      "react-native-web": "~0.18.7"
    },
    "devDependencies": {
      "@babel/core": "^7.19.3",
      "@babel/plugin-proposal-export-namespace-from": "^7.18.9"
    },
    "resolutions": {
      "metro": "^0.73.7",
      "metro-resolver": "^0.73.7"
    },
    "overrides": {
      "metro": "^0.73.7",
      "metro-resolver": "^0.73.7"
    },
    "name": "ochrestaurant",
    "version": "1.0.0",
    "private": true
  }

yarn manifest: 
  No manifest

Lockfile: 
  No lockfile
